Using pre-set license
Built from '2020.3/staging' branch; Version is '2020.3.32f1 (12f8b0834f07) revision 1243312'; Using compiler version '192528614'; Build Type 'Release'
OS: 'Windows 10  (10.0.19044) 64bit CoreSingleLanguage' Language: 'pt' Physical Memory: 16196 MB
BatchMode: 1, IsHumanControllingUs: 0, StartBugReporterOnCrash: 0, Is64bit: 1, IsPro: 0

COMMAND LINE ARGUMENTS:
D:\Program Files\Unity\Hub\Editor\2021.3.3f1\Editor\Unity.exe
-adb2
-batchMode
-noUpm
-name
AssetImportWorker0
-projectPath
D:/Savescreen
-logFile
Logs/AssetImportWorker0.log
-srvPort
61141
Successfully changed project path to: D:/Savescreen
D:/Savescreen
Using Asset Import Pipeline V2.
Refreshing native plugins compatible for Editor in 57.84 ms, found 2 plugins.
Preloading 0 native plugins for Editor in 0.00 ms.
Initialize engine version: 2020.3.32f1 (12f8b0834f07)
[Subsystems] Discovering subsystems at path D:/Program Files/Unity/Hub/Editor/2021.3.3f1/Editor/Data/Resources/UnitySubsystems
[Subsystems] Discovering subsystems at path D:/Savescreen/Assets
GfxDevice: creating device client; threaded=0
Direct3D:
    Version:  Direct3D 11.0 [level 11.1]
    Renderer: NVIDIA GeForce GTX 1660 Ti (ID=0x2191)
    Vendor:   
    VRAM:     5991 MB
    Driver:   31.0.15.1700
Initialize mono
Mono path[0] = 'D:/Program Files/Unity/Hub/Editor/2021.3.3f1/Editor/Data/Managed'
Mono path[1] = 'D:/Program Files/Unity/Hub/Editor/2021.3.3f1/Editor/Data/MonoBleedingEdge/lib/mono/unityjit'
Mono config path = 'D:/Program Files/Unity/Hub/Editor/2021.3.3f1/Editor/Data/MonoBleedingEdge/etc'
Using monoOptions --debugger-agent=transport=dt_socket,embedding=1,server=y,suspend=n,address=127.0.0.1:56856
Begin MonoManager ReloadAssembly
Registering precompiled unity dll's ...
Register platform support module: D:/Program Files/Unity/Hub/Editor/2021.3.3f1/Editor/Data/PlaybackEngines/WindowsStandaloneSupport/UnityEditor.WindowsStandalone.Extensions.dll
Registered in 0.001426 seconds.
Native extension for WindowsStandalone target not found
Refreshing native plugins compatible for Editor in 60.18 ms, found 2 plugins.
Preloading 0 native plugins for Editor in 0.00 ms.
Mono: successfully reloaded assembly
- Completed reload, in  0.643 seconds
Domain Reload Profiling:
	ReloadAssembly (643ms)
		BeginReloadAssembly (84ms)
			ExecutionOrderSort (0ms)
			DisableScriptedObjects (0ms)
			BackupInstance (0ms)
			ReleaseScriptingObjects (0ms)
			CreateAndSetChildDomain (1ms)
		EndReloadAssembly (485ms)
			LoadAssemblies (84ms)
			RebuildTransferFunctionScriptingTraits (0ms)
			SetupTypeCache (172ms)
			ReleaseScriptCaches (0ms)
			RebuildScriptCaches (30ms)
			SetupLoadedEditorAssemblies (191ms)
				LogAssemblyErrors (0ms)
				InitializePlatformSupportModulesInManaged (4ms)
				SetLoadedEditorAssemblies (0ms)
				RefreshPlugins (60ms)
				BeforeProcessingInitializeOnLoad (16ms)
				ProcessInitializeOnLoadAttributes (84ms)
				ProcessInitializeOnLoadMethodAttributes (26ms)
				AfterProcessingInitializeOnLoad (0ms)
				EditorAssembliesLoaded (0ms)
			ExecutionOrderSort2 (0ms)
			AwakeInstancesAfterBackupRestoration (0ms)
Platform modules already initialized, skipping
Registering precompiled user dll's ...
Registered in 0.005550 seconds.
Begin MonoManager ReloadAssembly
Native extension for WindowsStandalone target not found
Refreshing native plugins compatible for Editor in 56.45 ms, found 2 plugins.
Preloading 0 native plugins for Editor in 0.00 ms.
Mono: successfully reloaded assembly
- Completed reload, in  1.142 seconds
Domain Reload Profiling:
	ReloadAssembly (1143ms)
		BeginReloadAssembly (179ms)
			ExecutionOrderSort (0ms)
			DisableScriptedObjects (6ms)
			BackupInstance (0ms)
			ReleaseScriptingObjects (0ms)
			CreateAndSetChildDomain (21ms)
		EndReloadAssembly (909ms)
			LoadAssemblies (127ms)
			RebuildTransferFunctionScriptingTraits (0ms)
			SetupTypeCache (311ms)
			ReleaseScriptCaches (0ms)
			RebuildScriptCaches (47ms)
			SetupLoadedEditorAssemblies (340ms)
				LogAssemblyErrors (0ms)
				InitializePlatformSupportModulesInManaged (3ms)
				SetLoadedEditorAssemblies (0ms)
				RefreshPlugins (57ms)
				BeforeProcessingInitializeOnLoad (79ms)
				ProcessInitializeOnLoadAttributes (190ms)
				ProcessInitializeOnLoadMethodAttributes (9ms)
				AfterProcessingInitializeOnLoad (2ms)
				EditorAssembliesLoaded (0ms)
			ExecutionOrderSort2 (0ms)
			AwakeInstancesAfterBackupRestoration (6ms)
Platform modules already initialized, skipping
========================================================================
Worker process is ready to serve import requests
Launched and connected shader compiler UnityShaderCompiler.exe after 0.05 seconds
Refreshing native plugins compatible for Editor in 0.51 ms, found 2 plugins.
Preloading 0 native plugins for Editor in 0.00 ms.
Unloading 2834 Unused Serialized files (Serialized files now loaded: 0)
System memory in use before: 131.3 MB.
System memory in use after: 131.5 MB.

Unloading 17 unused Assets to reduce memory usage. Loaded Objects now: 3272.
Total: 3.547500 ms (FindLiveObjects: 0.283500 ms CreateObjectMapping: 0.149100 ms MarkObjects: 3.039900 ms  DeleteObjects: 0.073700 ms)

AssetImportParameters requested are different than current active one (requested -> active):
  custom:framework-win-MediaFoundation: 216162199b28c13a410421893ffa2e32 -> 
  custom:video-decoder-ogg-theora: a1e56fd34408186e4bbccfd4996cb3dc -> 
  custom:container-muxer-webm: aa71ff27fc2769a1b78a27578f13a17b -> 
  custom:container-demuxer-webm: 4f35f7cbe854078d1ac9338744f61a02 -> 
  custom:container-demuxer-ogg: 62fdf1f143b41e24485cea50d1cbac27 -> 
  custom:video-encoder-webm-vp8: eb34c28f22e8b96e1ab97ce403110664 -> 
  custom:video-codec-MediaFoundation-h265: 746d11721c4dcdbdad8f713fa42b33f4 -> 
  custom:video-decoder-webm-vp8: 9c59270c3fd7afecdb556c50c9e8de78 -> 
  custom:audio-decoder-ogg-vorbis: bf7c407c2cedff20999df2af8eb42d56 -> 
  custom:audio-encoder-webm-vorbis: bf7c407c2cedff20999df2af8eb42d56 -> 
========================================================================
Received Import Request.
  path: Assets/Scripts/Lava.shader
  artifactKey: Guid(1da29a6964f28554fa6f605f1a386f16) Importer(815301076,1909f56bfc062723c751e8b465ee728b)
Start importing Assets/Scripts/Lava.shader using Guid(1da29a6964f28554fa6f605f1a386f16) Importer(815301076,1909f56bfc062723c751e8b465ee728b)  -> (artifact id: '74377ec3a7f27b5dac869b385258179d') in 0.042689 seconds 
========================================================================
Received Import Request.
  Time since last request: 10190.288675 seconds.
  path: Assets/Reinaldo/Assets
  artifactKey: Guid(fe6f6126a5e82de4a8ad5d992d872591) Importer(815301076,1909f56bfc062723c751e8b465ee728b)
Start importing Assets/Reinaldo/Assets using Guid(fe6f6126a5e82de4a8ad5d992d872591) Importer(815301076,1909f56bfc062723c751e8b465ee728b)  -> (artifact id: '268896970c5fb284d15f951ca44b571e') in 0.009150 seconds 
========================================================================
Received Import Request.
  Time since last request: 2.787875 seconds.
  path: Assets/Reinaldo/Packages
  artifactKey: Guid(8d813bbcc68da8642b1c5a693c50929b) Importer(815301076,1909f56bfc062723c751e8b465ee728b)
Start importing Assets/Reinaldo/Packages using Guid(8d813bbcc68da8642b1c5a693c50929b) Importer(815301076,1909f56bfc062723c751e8b465ee728b)  -> (artifact id: 'da131d182fdfba7a4ef5c540401ae769') in 0.007121 seconds 
========================================================================
Received Import Request.
  Time since last request: 1.427210 seconds.
  path: Assets/Reinaldo/ProjectSettings
  artifactKey: Guid(e4abe0cc2f8fccb40a81f9e7bbb727a2) Importer(815301076,1909f56bfc062723c751e8b465ee728b)
Start importing Assets/Reinaldo/ProjectSettings using Guid(e4abe0cc2f8fccb40a81f9e7bbb727a2) Importer(815301076,1909f56bfc062723c751e8b465ee728b)  -> (artifact id: '630de9a5fc1c6446eb2bd9a0fd183957') in 0.005889 seconds 
========================================================================
Received Import Request.
  Time since last request: 2.397487 seconds.
  path: Assets/Reinaldo/UserSettings
  artifactKey: Guid(bb94cb9c516228449bd6cf483230b0d8) Importer(815301076,1909f56bfc062723c751e8b465ee728b)
Start importing Assets/Reinaldo/UserSettings using Guid(bb94cb9c516228449bd6cf483230b0d8) Importer(815301076,1909f56bfc062723c751e8b465ee728b)  -> (artifact id: '6c7900411a79b811bd8c80a3debde891') in 0.007051 seconds 
========================================================================
Received Import Request.
  Time since last request: 1.436048 seconds.
  path: Assets/Reinaldo/LICENSE
  artifactKey: Guid(8e325c2850ff6624883a0e124c178c54) Importer(815301076,1909f56bfc062723c751e8b465ee728b)
Start importing Assets/Reinaldo/LICENSE using Guid(8e325c2850ff6624883a0e124c178c54) Importer(815301076,1909f56bfc062723c751e8b465ee728b)  -> (artifact id: 'a3b14b11c26245bca419f253bd3c8567') in 0.027842 seconds 
========================================================================
Received Import Request.
  Time since last request: 35.440675 seconds.
  path: Assets/Reinaldo/README.md
  artifactKey: Guid(49e1d81b503286442852f6e5839b32db) Importer(815301076,1909f56bfc062723c751e8b465ee728b)
Start importing Assets/Reinaldo/README.md using Guid(49e1d81b503286442852f6e5839b32db) Importer(815301076,1909f56bfc062723c751e8b465ee728b)  -> (artifact id: '7873c97ffe11155afcc94015c0d15c40') in 0.009168 seconds 
========================================================================
Received Import Request.
  Time since last request: 3.749250 seconds.
  path: Assets/Reinaldo/Assets/Scripts
  artifactKey: Guid(be872dd929bb3ba479a91073eb196e93) Importer(815301076,1909f56bfc062723c751e8b465ee728b)
Start importing Assets/Reinaldo/Assets/Scripts using Guid(be872dd929bb3ba479a91073eb196e93) Importer(815301076,1909f56bfc062723c751e8b465ee728b)  -> (artifact id: '3dfe15d85198a9d721d3b19eb95bd475') in 0.013572 seconds 
========================================================================
Received Import Request.
  Time since last request: 11.629660 seconds.
  path: Assets/Reinaldo/Assets/Settings
  artifactKey: Guid(6a44e7c593eb78f409d4fda3fffd55ee) Importer(815301076,1909f56bfc062723c751e8b465ee728b)
Start importing Assets/Reinaldo/Assets/Settings using Guid(6a44e7c593eb78f409d4fda3fffd55ee) Importer(815301076,1909f56bfc062723c751e8b465ee728b)  -> (artifact id: '1ebecef7a33097278660431df99641d8') in 0.006158 seconds 
========================================================================
Received Import Request.
  Time since last request: 0.000178 seconds.
  path: Assets/Reinaldo/Assets/Settings/UniversalRP-MediumQuality.asset
  artifactKey: Guid(1c231c519b035f24c8b3197925b226d8) Importer(815301076,1909f56bfc062723c751e8b465ee728b)
Start importing Assets/Reinaldo/Assets/Settings/UniversalRP-MediumQuality.asset using Guid(1c231c519b035f24c8b3197925b226d8) Importer(815301076,1909f56bfc062723c751e8b465ee728b)  -> (artifact id: '6ef9bc57d1980daba37436b4d13f2e0f') in 0.040434 seconds 
========================================================================
Received Import Request.
  Time since last request: 0.000145 seconds.
  path: Assets/Reinaldo/Assets/Settings/ForwardRenderer.asset
  artifactKey: Guid(3c53c6b0d348b18499f60308e780a2de) Importer(815301076,1909f56bfc062723c751e8b465ee728b)
Start importing Assets/Reinaldo/Assets/Settings/ForwardRenderer.asset using Guid(3c53c6b0d348b18499f60308e780a2de) Importer(815301076,1909f56bfc062723c751e8b465ee728b)  -> (artifact id: 'badffeb3eee47f8e797f508545ffa6fa') in 0.031367 seconds 
========================================================================
Received Import Request.
  Time since last request: 0.000257 seconds.
  path: Assets/Reinaldo/Assets/Settings/SampleSceneProfile.asset
  artifactKey: Guid(1496e1e2ca7631743b46dff204764726) Importer(815301076,1909f56bfc062723c751e8b465ee728b)
Start importing Assets/Reinaldo/Assets/Settings/SampleSceneProfile.asset using Guid(1496e1e2ca7631743b46dff204764726) Importer(815301076,1909f56bfc062723c751e8b465ee728b)  -> (artifact id: '24d8e2ec2513680978c7a14ff7db46aa') in 0.074413 seconds 
========================================================================
Received Import Request.
  Time since last request: 0.000265 seconds.
  path: Assets/Reinaldo/Assets/Settings/UniversalRP-HighQuality.asset
  artifactKey: Guid(4ded4500dd2c1d04aabbc5610e835edc) Importer(815301076,1909f56bfc062723c751e8b465ee728b)
Start importing Assets/Reinaldo/Assets/Settings/UniversalRP-HighQuality.asset using Guid(4ded4500dd2c1d04aabbc5610e835edc) Importer(815301076,1909f56bfc062723c751e8b465ee728b)  -> (artifact id: 'd2d46d6a76a4016868ffb6700160a402') in 0.008054 seconds 
========================================================================
Received Import Request.
  Time since last request: 0.000222 seconds.
  path: Assets/Reinaldo/Assets/Settings/UniversalRP-LowQuality.asset
  artifactKey: Guid(7f8eb5c05f1ee2d47a5c64eb83eaec6c) Importer(815301076,1909f56bfc062723c751e8b465ee728b)
Start importing Assets/Reinaldo/Assets/Settings/UniversalRP-LowQuality.asset using Guid(7f8eb5c05f1ee2d47a5c64eb83eaec6c) Importer(815301076,1909f56bfc062723c751e8b465ee728b)  -> (artifact id: '996a1aafac98c47ee5998fc2b4d67617') in 0.014249 seconds 
========================================================================
Received Import Request.
  Time since last request: 1.998886 seconds.
  path: Assets/Reinaldo/Assets/Textures
  artifactKey: Guid(9f3afe096c6be44429cf8874a7fa71e1) Importer(815301076,1909f56bfc062723c751e8b465ee728b)
Start importing Assets/Reinaldo/Assets/Textures using Guid(9f3afe096c6be44429cf8874a7fa71e1) Importer(815301076,1909f56bfc062723c751e8b465ee728b)  -> (artifact id: 'aa506e83a7afb28a5af98a56f5bb8ccd') in 0.006236 seconds 
========================================================================
Received Import Request.
  Time since last request: 0.000236 seconds.
  path: Assets/Reinaldo/Assets/Textures/plant-leaf-texture-seamless-pattern-background-vector-illustration-103464325.jpg
  artifactKey: Guid(363e97a7cb4cb4841906eef02ecb69e7) Importer(815301076,1909f56bfc062723c751e8b465ee728b)
Start importing Assets/Reinaldo/Assets/Textures/plant-leaf-texture-seamless-pattern-background-vector-illustration-103464325.jpg using Guid(363e97a7cb4cb4841906eef02ecb69e7) Importer(815301076,1909f56bfc062723c751e8b465ee728b)  -> (artifact id: 'a44a502f9758c45fbddcecdbbc86626a') in 0.148749 seconds 
========================================================================
Received Import Request.
  Time since last request: 0.000175 seconds.
  path: Assets/Reinaldo/Assets/Textures/images.jpg
  artifactKey: Guid(98f01ed80b9e1154f9f955b95cb934d8) Importer(815301076,1909f56bfc062723c751e8b465ee728b)
Start importing Assets/Reinaldo/Assets/Textures/images.jpg using Guid(98f01ed80b9e1154f9f955b95cb934d8) Importer(815301076,1909f56bfc062723c751e8b465ee728b)  -> (artifact id: 'db21f9fc628af0d70ca50dc49e4479e4') in 0.050195 seconds 
========================================================================
Received Import Request.
  Time since last request: 0.000180 seconds.
  path: Assets/Reinaldo/Assets/Textures/9aeedfa5f8f587df26793fe3d5e40a2a25551306.jpeg
  artifactKey: Guid(ca37f988f3312c842844ee41da391cbd) Importer(815301076,1909f56bfc062723c751e8b465ee728b)
Start importing Assets/Reinaldo/Assets/Textures/9aeedfa5f8f587df26793fe3d5e40a2a25551306.jpeg using Guid(ca37f988f3312c842844ee41da391cbd) Importer(815301076,1909f56bfc062723c751e8b465ee728b)  -> (artifact id: 'f4a68cf7da36b8bbe747a0df179e4734') in 0.166123 seconds 
========================================================================
Received Import Request.
  Time since last request: 0.000183 seconds.
  path: Assets/Reinaldo/Assets/Textures/brushwalker437.png
  artifactKey: Guid(381499e7739712240912ff2fb5e62e39) Importer(815301076,1909f56bfc062723c751e8b465ee728b)
Start importing Assets/Reinaldo/Assets/Textures/brushwalker437.png using Guid(381499e7739712240912ff2fb5e62e39) Importer(815301076,1909f56bfc062723c751e8b465ee728b)  -> (artifact id: '7aec1af4cfee684d769a80e3e82a344d') in 0.063457 seconds 
========================================================================
Received Import Request.
  Time since last request: 0.000411 seconds.
  path: Assets/Reinaldo/Assets/Textures/seamless-snow-texture-pattern-form-precipitation-consisting-small-crystals-ice-background-image-cover-images-endless-183238776.jpg
  artifactKey: Guid(d999738a5b68c8c41b6d27f434c59f27) Importer(815301076,1909f56bfc062723c751e8b465ee728b)
Start importing Assets/Reinaldo/Assets/Textures/seamless-snow-texture-pattern-form-precipitation-consisting-small-crystals-ice-background-image-cover-images-endless-183238776.jpg using Guid(d999738a5b68c8c41b6d27f434c59f27) Importer(815301076,1909f56bfc062723c751e8b465ee728b)  -> (artifact id: 'b597c67ed51ce8b96b5acb99053d2701') in 0.055718 seconds 
========================================================================
Received Import Request.
  Time since last request: 105.980210 seconds.
  path: Assets/Scripts/Lava.shader
  artifactKey: Guid(1da29a6964f28554fa6f605f1a386f16) Importer(815301076,1909f56bfc062723c751e8b465ee728b)
Start importing Assets/Scripts/Lava.shader using Guid(1da29a6964f28554fa6f605f1a386f16) Importer(815301076,1909f56bfc062723c751e8b465ee728b)  -> (artifact id: 'df6f5489a451ba5b1e97d7da56b0b54b') in 0.003848 seconds 
========================================================================
Received Import Request.
  Time since last request: 322.384336 seconds.
  path: Assets/Scripts/Lava.shader
  artifactKey: Guid(1da29a6964f28554fa6f605f1a386f16) Importer(815301076,1909f56bfc062723c751e8b465ee728b)
Start importing Assets/Scripts/Lava.shader using Guid(1da29a6964f28554fa6f605f1a386f16) Importer(815301076,1909f56bfc062723c751e8b465ee728b)  -> (artifact id: '597df63cecb8cb20cdd9403acf0ca801') in 0.003085 seconds 
========================================================================
Received Import Request.
  Time since last request: 7.341706 seconds.
  path: Assets/Scripts/Lava.shader
  artifactKey: Guid(1da29a6964f28554fa6f605f1a386f16) Importer(815301076,1909f56bfc062723c751e8b465ee728b)
Start importing Assets/Scripts/Lava.shader using Guid(1da29a6964f28554fa6f605f1a386f16) Importer(815301076,1909f56bfc062723c751e8b465ee728b)  -> (artifact id: '049c800c3fd846e62b115a7f6d4fc9ea') in 0.002982 seconds 
========================================================================
Received Import Request.
  Time since last request: 285.028074 seconds.
  path: Assets/Scripts/Lava.shader
  artifactKey: Guid(1da29a6964f28554fa6f605f1a386f16) Importer(815301076,1909f56bfc062723c751e8b465ee728b)
Start importing Assets/Scripts/Lava.shader using Guid(1da29a6964f28554fa6f605f1a386f16) Importer(815301076,1909f56bfc062723c751e8b465ee728b)  -> (artifact id: 'e763a746320bdea09d493c63d42cf594') in 0.006104 seconds 
========================================================================
Received Import Request.
  Time since last request: 5.462970 seconds.
  path: Assets/Presets
  artifactKey: Guid(558255460b74ec04fa70b5570e9327bd) Importer(815301076,1909f56bfc062723c751e8b465ee728b)
Start importing Assets/Presets using Guid(558255460b74ec04fa70b5570e9327bd) Importer(815301076,1909f56bfc062723c751e8b465ee728b)  -> (artifact id: 'e1966229f3d7993f283b578bcf544b58') in 0.006469 seconds 
========================================================================
Received Import Request.
  Time since last request: 17.777641 seconds.
  path: Assets/Scripts/Lava.shader
  artifactKey: Guid(1da29a6964f28554fa6f605f1a386f16) Importer(815301076,1909f56bfc062723c751e8b465ee728b)
Start importing Assets/Scripts/Lava.shader using Guid(1da29a6964f28554fa6f605f1a386f16) Importer(815301076,1909f56bfc062723c751e8b465ee728b)  -> (artifact id: '6a8f641252cb5d9c04e5438ab6fbda60') in 0.002158 seconds 
========================================================================
Received Import Request.
  Time since last request: 22.649519 seconds.
  path: Assets/Reinaldo/Assets/Materials
  artifactKey: Guid(12a67277dcb13a9429e143e7cd7cb478) Importer(815301076,1909f56bfc062723c751e8b465ee728b)
Start importing Assets/Reinaldo/Assets/Materials using Guid(12a67277dcb13a9429e143e7cd7cb478) Importer(815301076,1909f56bfc062723c751e8b465ee728b)  -> (artifact id: 'd0515f3a0fa2d2b6ea834cb9172f500c') in 0.006685 seconds 
========================================================================
Received Import Request.
  Time since last request: 0.017177 seconds.
  path: Assets/Reinaldo/Assets/Materials/grass.mat
  artifactKey: Guid(17d1ff89276a86648bfe5a82b46d5521) Importer(815301076,1909f56bfc062723c751e8b465ee728b)
Start importing Assets/Reinaldo/Assets/Materials/grass.mat using Guid(17d1ff89276a86648bfe5a82b46d5521) Importer(815301076,1909f56bfc062723c751e8b465ee728b)  -> (artifact id: 'e51a6b8ef91cb70c6f8964565dffb60b') in 0.241214 seconds 
========================================================================
Received Import Request.
  Time since last request: 0.000235 seconds.
  path: Assets/Reinaldo/Assets/Materials/Tree.mat
  artifactKey: Guid(1237d806b934c114e8085c40f952ccb3) Importer(815301076,1909f56bfc062723c751e8b465ee728b)
Start importing Assets/Reinaldo/Assets/Materials/Tree.mat using Guid(1237d806b934c114e8085c40f952ccb3) Importer(815301076,1909f56bfc062723c751e8b465ee728b)  -> (artifact id: 'b4680827c2827047d7fbe9e45b65a4f6') in 0.022973 seconds 
========================================================================
Received Import Request.
  Time since last request: 0.000174 seconds.
  path: Assets/Reinaldo/Assets/Materials/Skybox_Mat.mat
  artifactKey: Guid(3b1a8059f7f2abd4c8a06208eaa9f0ab) Importer(815301076,1909f56bfc062723c751e8b465ee728b)
Start importing Assets/Reinaldo/Assets/Materials/Skybox_Mat.mat using Guid(3b1a8059f7f2abd4c8a06208eaa9f0ab) Importer(815301076,1909f56bfc062723c751e8b465ee728b)  -> (artifact id: '02968a24834d3d51b5d76fabbf26bec8') in 0.023229 seconds 
========================================================================
Received Import Request.
  Time since last request: 0.000411 seconds.
  path: Assets/Reinaldo/Assets/Materials/LitNormal.mat
  artifactKey: Guid(595a04aee9eb50c4084db225c567402d) Importer(815301076,1909f56bfc062723c751e8b465ee728b)
Start importing Assets/Reinaldo/Assets/Materials/LitNormal.mat using Guid(595a04aee9eb50c4084db225c567402d) Importer(815301076,1909f56bfc062723c751e8b465ee728b)  -> (artifact id: '74aff9484dcdbfc8f09cc729dadb10ab') in 0.139423 seconds 
========================================================================
Received Import Request.
  Time since last request: 0.000178 seconds.
  path: Assets/Reinaldo/Assets/Materials/New Material 1.mat
  artifactKey: Guid(dcd6980188d0f5848b15f99bc872c117) Importer(815301076,1909f56bfc062723c751e8b465ee728b)
Start importing Assets/Reinaldo/Assets/Materials/New Material 1.mat using Guid(dcd6980188d0f5848b15f99bc872c117) Importer(815301076,1909f56bfc062723c751e8b465ee728b)  -> (artifact id: '764233a4832eaf101f3b6bad8f2bc1cd') in 0.050532 seconds 
========================================================================
Received Import Request.
  Time since last request: 0.000154 seconds.
  path: Assets/Reinaldo/Assets/Materials/Ocean.mat
  artifactKey: Guid(19acac7be1d13de4d914216c71f633bd) Importer(815301076,1909f56bfc062723c751e8b465ee728b)
Start importing Assets/Reinaldo/Assets/Materials/Ocean.mat using Guid(19acac7be1d13de4d914216c71f633bd) Importer(815301076,1909f56bfc062723c751e8b465ee728b)  -> (artifact id: 'bb9a5d8bf814accbfb478288c635cf79') in 0.033759 seconds 
========================================================================
Received Import Request.
  Time since last request: 0.000320 seconds.
  path: Assets/Reinaldo/Assets/Materials/New Material.mat
  artifactKey: Guid(8ea988cae8d01b34a97fb54d8b917750) Importer(815301076,1909f56bfc062723c751e8b465ee728b)
Start importing Assets/Reinaldo/Assets/Materials/New Material.mat using Guid(8ea988cae8d01b34a97fb54d8b917750) Importer(815301076,1909f56bfc062723c751e8b465ee728b)  -> (artifact id: '4c8b60f60f476d9e0927cc5d19f22be0') in 0.099315 seconds 
========================================================================
Received Import Request.
  Time since last request: 763.851260 seconds.
  path: Assets/Materials/Lava.mat
  artifactKey: Guid(8f088de6ced65304eb3615b9a2869427) Importer(815301076,1909f56bfc062723c751e8b465ee728b)
Start importing Assets/Materials/Lava.mat using Guid(8f088de6ced65304eb3615b9a2869427) Importer(815301076,1909f56bfc062723c751e8b465ee728b)  -> (artifact id: '9bc66540b75f0e065884867c954ffb88') in 0.048455 seconds 
========================================================================
Received Import Request.
  Time since last request: 16.879597 seconds.
  path: Assets/Reinaldo/Assets/Shaders/PUCNewShader 1.shader
  artifactKey: Guid(036a2b2bb3361544ab072d626923e288) Importer(815301076,1909f56bfc062723c751e8b465ee728b)
Start importing Assets/Reinaldo/Assets/Shaders/PUCNewShader 1.shader using Guid(036a2b2bb3361544ab072d626923e288) Importer(815301076,1909f56bfc062723c751e8b465ee728b)  -> (artifact id: 'd86672bf19811345b70b9b22732bec75') in 0.006388 seconds 
========================================================================
Received Import Request.
  Time since last request: 64.788794 seconds.
  path: Assets/Scripts/TestShader.shader
  artifactKey: Guid(d7ad72e1f70467c4a98750a9d7151671) Importer(815301076,1909f56bfc062723c751e8b465ee728b)
Start importing Assets/Scripts/TestShader.shader using Guid(d7ad72e1f70467c4a98750a9d7151671) Importer(815301076,1909f56bfc062723c751e8b465ee728b)  -> (artifact id: '49d755d5a70425687a13b7518c17bb61') in 0.008406 seconds 
========================================================================
Received Import Request.
  Time since last request: 10.407765 seconds.
  path: Assets/Scripts/TestShader.shader
  artifactKey: Guid(d7ad72e1f70467c4a98750a9d7151671) Importer(815301076,1909f56bfc062723c751e8b465ee728b)
Start importing Assets/Scripts/TestShader.shader using Guid(d7ad72e1f70467c4a98750a9d7151671) Importer(815301076,1909f56bfc062723c751e8b465ee728b)  -> (artifact id: '0c9a22908139833093a6173d664d1658') in 0.003986 seconds 
========================================================================
Received Import Request.
  Time since last request: 10.866551 seconds.
  path: Assets/Materials/TestMat.mat
  artifactKey: Guid(0ee728678fb61ea44a7f30f0ac86ec32) Importer(815301076,1909f56bfc062723c751e8b465ee728b)
Start importing Assets/Materials/TestMat.mat using Guid(0ee728678fb61ea44a7f30f0ac86ec32) Importer(815301076,1909f56bfc062723c751e8b465ee728b)  -> (artifact id: 'b31bbf2a7affae49fc8f0a1382957eb5') in 0.026898 seconds 
========================================================================
Received Import Request.
  Time since last request: 61.851686 seconds.
  path: Assets/Scripts/TestShader.shader
  artifactKey: Guid(d7ad72e1f70467c4a98750a9d7151671) Importer(815301076,1909f56bfc062723c751e8b465ee728b)
Start importing Assets/Scripts/TestShader.shader using Guid(d7ad72e1f70467c4a98750a9d7151671) Importer(815301076,1909f56bfc062723c751e8b465ee728b)  -> (artifact id: '2ced1911a11b612413cfc30b57646ace') in 0.003432 seconds 
========================================================================
Received Import Request.
  Time since last request: 62.778937 seconds.
  path: Assets/Settings
  artifactKey: Guid(0735c275001a2c84dafdb30deced5d8d) Importer(815301076,1909f56bfc062723c751e8b465ee728b)
Start importing Assets/Settings using Guid(0735c275001a2c84dafdb30deced5d8d) Importer(815301076,1909f56bfc062723c751e8b465ee728b)  -> (artifact id: 'cadd7ca10b5bf32e886eec457cf073a7') in 0.002339 seconds 
========================================================================
Received Import Request.
  Time since last request: 51.186839 seconds.
  path: Assets/Scripts/TestShader.shader
  artifactKey: Guid(d7ad72e1f70467c4a98750a9d7151671) Importer(815301076,1909f56bfc062723c751e8b465ee728b)
Start importing Assets/Scripts/TestShader.shader using Guid(d7ad72e1f70467c4a98750a9d7151671) Importer(815301076,1909f56bfc062723c751e8b465ee728b)  -> (artifact id: '499343787584e269edb0a7729061065a') in 0.005136 seconds 
========================================================================
Received Import Request.
  Time since last request: 69.780200 seconds.
  path: Assets/Materials/TestMat.mat
  artifactKey: Guid(0ee728678fb61ea44a7f30f0ac86ec32) Importer(815301076,1909f56bfc062723c751e8b465ee728b)
Start importing Assets/Materials/TestMat.mat using Guid(0ee728678fb61ea44a7f30f0ac86ec32) Importer(815301076,1909f56bfc062723c751e8b465ee728b)  -> (artifact id: '73b348db798d1569217d30ea9e225786') in 0.015734 seconds 
========================================================================
Received Import Request.
  Time since last request: 56.124673 seconds.
  path: Assets/Materials/TestMat.mat
  artifactKey: Guid(0ee728678fb61ea44a7f30f0ac86ec32) Importer(815301076,1909f56bfc062723c751e8b465ee728b)
Start importing Assets/Materials/TestMat.mat using Guid(0ee728678fb61ea44a7f30f0ac86ec32) Importer(815301076,1909f56bfc062723c751e8b465ee728b)  -> (artifact id: 'eb976fc0181438624d88d0d6b4085cc8') in 0.010963 seconds 
========================================================================
Received Import Request.
  Time since last request: 289.978585 seconds.
  path: Assets/Scripts/TestShader.shader
  artifactKey: Guid(d7ad72e1f70467c4a98750a9d7151671) Importer(815301076,1909f56bfc062723c751e8b465ee728b)
Start importing Assets/Scripts/TestShader.shader using Guid(d7ad72e1f70467c4a98750a9d7151671) Importer(815301076,1909f56bfc062723c751e8b465ee728b)  -> (artifact id: '8268d43788a39c1d9db45a42c8da6bd2') in 0.004018 seconds 
========================================================================
Received Import Request.
  Time since last request: 124.308303 seconds.
  path: Assets/Packages
  artifactKey: Guid(145346b8b0dff0347a57ef7e9f5cf048) Importer(815301076,1909f56bfc062723c751e8b465ee728b)
Start importing Assets/Packages using Guid(145346b8b0dff0347a57ef7e9f5cf048) Importer(815301076,1909f56bfc062723c751e8b465ee728b)  -> (artifact id: 'a62ecdd6cf9bbd1f88caf469b075fb20') in 0.002492 seconds 
========================================================================
Received Import Request.
  Time since last request: 0.405092 seconds.
  path: Assets/ProjectSettings
  artifactKey: Guid(76de97f7ab9602047ab7aeb14594c64b) Importer(815301076,1909f56bfc062723c751e8b465ee728b)
Start importing Assets/ProjectSettings using Guid(76de97f7ab9602047ab7aeb14594c64b) Importer(815301076,1909f56bfc062723c751e8b465ee728b)  -> (artifact id: '5cb514eaeab3e5d0e5a47fc6fc22163b') in 0.002182 seconds 
========================================================================
Received Import Request.
  Time since last request: 109.734365 seconds.
  path: Assets/Scripts/TestShader.shader
  artifactKey: Guid(d7ad72e1f70467c4a98750a9d7151671) Importer(815301076,1909f56bfc062723c751e8b465ee728b)
Start importing Assets/Scripts/TestShader.shader using Guid(d7ad72e1f70467c4a98750a9d7151671) Importer(815301076,1909f56bfc062723c751e8b465ee728b)  -> (artifact id: 'e2296bd0371d11d75caee398e7452613') in 0.004381 seconds 
========================================================================
Received Import Request.
  Time since last request: 734.977709 seconds.
  path: Assets/Materials/1Z_2104.w020.n001.1231B.p15.1231.jpg
  artifactKey: Guid(e84c6ebf31a9b5648abaf95105c7556d) Importer(815301076,1909f56bfc062723c751e8b465ee728b)
Start importing Assets/Materials/1Z_2104.w020.n001.1231B.p15.1231.jpg using Guid(e84c6ebf31a9b5648abaf95105c7556d) Importer(815301076,1909f56bfc062723c751e8b465ee728b)  -> (artifact id: 'ba1b89cdb1e4a2ab11bfb00a4e526a41') in 0.017768 seconds 
========================================================================
Received Import Request.
  Time since last request: 199.421187 seconds.
  path: Assets/Assets/Textures/9aeedfa5f8f587df26793fe3d5e40a2a25551306.jpeg
  artifactKey: Guid(8356290f77ca28e4e8f120d8fadb4888) Importer(815301076,1909f56bfc062723c751e8b465ee728b)
Start importing Assets/Assets/Textures/9aeedfa5f8f587df26793fe3d5e40a2a25551306.jpeg using Guid(8356290f77ca28e4e8f120d8fadb4888) Importer(815301076,1909f56bfc062723c751e8b465ee728b)  -> (artifact id: '259c4a73505ef1054b906d04d6e7dbd8') in 0.011744 seconds 
========================================================================
Received Import Request.
  Time since last request: 0.000151 seconds.
  path: Assets/Assets/Textures/brushwalker437.png
  artifactKey: Guid(cb88a2b07c554034393d61c81a86f84b) Importer(815301076,1909f56bfc062723c751e8b465ee728b)
Start importing Assets/Assets/Textures/brushwalker437.png using Guid(cb88a2b07c554034393d61c81a86f84b) Importer(815301076,1909f56bfc062723c751e8b465ee728b)  -> (artifact id: '1408534050ab19fdb34c2e6fc92dbc89') in 0.010412 seconds 
========================================================================
Received Import Request.
  Time since last request: 0.000158 seconds.
  path: Assets/ExampleAssets/Textures/Props/Construction_Light/ConstructionLight_Albedo.tif
  artifactKey: Guid(2ec6e1532acb1254f9f3797b5d82db44) Importer(815301076,1909f56bfc062723c751e8b465ee728b)
Start importing Assets/ExampleAssets/Textures/Props/Construction_Light/ConstructionLight_Albedo.tif using Guid(2ec6e1532acb1254f9f3797b5d82db44) Importer(815301076,1909f56bfc062723c751e8b465ee728b)  -> (artifact id: '864d2b361520e82158bacbe73f11f05a') in 0.015022 seconds 
========================================================================
Received Import Request.
  Time since last request: 0.000186 seconds.
  path: Assets/Assets/ExampleAssets/Textures/Props/Construction_Light/ConstructionLight_Albedo.tif
  artifactKey: Guid(414b04bf94cb5fd4db0486b02e209020) Importer(815301076,1909f56bfc062723c751e8b465ee728b)
Start importing Assets/Assets/ExampleAssets/Textures/Props/Construction_Light/ConstructionLight_Albedo.tif using Guid(414b04bf94cb5fd4db0486b02e209020) Importer(815301076,1909f56bfc062723c751e8b465ee728b)  -> (artifact id: 'a453e12079dce0d19062f968dc15234a') in 0.020119 seconds 
========================================================================
Received Import Request.
  Time since last request: 0.000208 seconds.
  path: Assets/Reinaldo/Assets/ExampleAssets/Textures/Props/Construction_Light/ConstructionLight_Albedo.tif
  artifactKey: Guid(4e85a40a8368c2c40b1b6542ec2efca9) Importer(815301076,1909f56bfc062723c751e8b465ee728b)
Start importing Assets/Reinaldo/Assets/ExampleAssets/Textures/Props/Construction_Light/ConstructionLight_Albedo.tif using Guid(4e85a40a8368c2c40b1b6542ec2efca9) Importer(815301076,1909f56bfc062723c751e8b465ee728b)  -> (artifact id: '8777139bf85285da319a6caed855ace8') in 0.010394 seconds 
========================================================================
Received Import Request.
  Time since last request: 1687.319290 seconds.
  path: Assets/Materials/Rock.mat
  artifactKey: Guid(66c0dd40447d3a441bdf2cc197a583dc) Importer(815301076,1909f56bfc062723c751e8b465ee728b)
Start importing Assets/Materials/Rock.mat using Guid(66c0dd40447d3a441bdf2cc197a583dc) Importer(815301076,1909f56bfc062723c751e8b465ee728b)  -> (artifact id: '35471d6fc8ee6b4b7948331c472807cd') in 0.040480 seconds 
========================================================================
Received Import Request.
  Time since last request: 0.000183 seconds.
  path: Assets/Materials/TestMat.mat
  artifactKey: Guid(0ee728678fb61ea44a7f30f0ac86ec32) Importer(815301076,1909f56bfc062723c751e8b465ee728b)
Start importing Assets/Materials/TestMat.mat using Guid(0ee728678fb61ea44a7f30f0ac86ec32) Importer(815301076,1909f56bfc062723c751e8b465ee728b)  -> (artifact id: '49e18343700bc48eae6ddf970e39db9c') in 0.027368 seconds 
========================================================================
Received Import Request.
  Time since last request: 0.000162 seconds.
  path: Assets/Materials/Skybox_Mat.mat
  artifactKey: Guid(0ffaa0b7117ba8c47a9d05ae701d4b4d) Importer(815301076,1909f56bfc062723c751e8b465ee728b)
Start importing Assets/Materials/Skybox_Mat.mat using Guid(0ffaa0b7117ba8c47a9d05ae701d4b4d) Importer(815301076,1909f56bfc062723c751e8b465ee728b)  -> (artifact id: 'ee581788ca4bd36fe5443fe7a551d189') in 0.032156 seconds 
========================================================================
Received Import Request.
  Time since last request: 4.071138 seconds.
  path: Assets/Materials/LavaDisplacement.png
  artifactKey: Guid(f19fa0fb4a73636499e70e32e5bb9ff7) Importer(815301076,1909f56bfc062723c751e8b465ee728b)
Start importing Assets/Materials/LavaDisplacement.png using Guid(f19fa0fb4a73636499e70e32e5bb9ff7) Importer(815301076,1909f56bfc062723c751e8b465ee728b)  -> (artifact id: '0c4e3403a6d44ed47ee861c4d298b4e9') in 0.027077 seconds 
========================================================================
Received Import Request.
  Time since last request: 808.925417 seconds.
  path: Assets/Scripts/TestShader.shader
  artifactKey: Guid(d7ad72e1f70467c4a98750a9d7151671) Importer(815301076,1909f56bfc062723c751e8b465ee728b)
Start importing Assets/Scripts/TestShader.shader using Guid(d7ad72e1f70467c4a98750a9d7151671) Importer(815301076,1909f56bfc062723c751e8b465ee728b)  -> (artifact id: '6edd9b38e62629202d45d3198622845c') in 0.006939 seconds 
========================================================================
Received Import Request.
  Time since last request: 3.272559 seconds.
  path: Assets/Scripts/Lava.shader
  artifactKey: Guid(1da29a6964f28554fa6f605f1a386f16) Importer(815301076,1909f56bfc062723c751e8b465ee728b)
Start importing Assets/Scripts/Lava.shader using Guid(1da29a6964f28554fa6f605f1a386f16) Importer(815301076,1909f56bfc062723c751e8b465ee728b)  -> (artifact id: 'f28a464d5b296b663c3d6c1c1538d8f3') in 0.002282 seconds 
========================================================================
Received Import Request.
  Time since last request: 51.913868 seconds.
  path: Assets/Scripts/LavaBackup.shader
  artifactKey: Guid(3c04484c30f131e48a960199fa5e6517) Importer(815301076,1909f56bfc062723c751e8b465ee728b)
Start importing Assets/Scripts/LavaBackup.shader using Guid(3c04484c30f131e48a960199fa5e6517) Importer(815301076,1909f56bfc062723c751e8b465ee728b)  -> (artifact id: '4176ff5b67eb168a6ce92aa38081c1b7') in 0.016591 seconds 
========================================================================
Received Import Request.
  Time since last request: 2028.498210 seconds.
  path: Assets/Materials/Lava.mat
  artifactKey: Guid(8f088de6ced65304eb3615b9a2869427) Importer(815301076,1909f56bfc062723c751e8b465ee728b)
Start importing Assets/Materials/Lava.mat using Guid(8f088de6ced65304eb3615b9a2869427) Importer(815301076,1909f56bfc062723c751e8b465ee728b)  -> (artifact id: 'd97b3623a0098d3d02a94b822ed68884') in 0.050940 seconds 
========================================================================
Received Import Request.
  Time since last request: 0.000188 seconds.
  path: Assets/Materials/LavaTest.mat
  artifactKey: Guid(4731af715d9208a4e8f2c5e69516cb16) Importer(815301076,1909f56bfc062723c751e8b465ee728b)
Start importing Assets/Materials/LavaTest.mat using Guid(4731af715d9208a4e8f2c5e69516cb16) Importer(815301076,1909f56bfc062723c751e8b465ee728b)  -> (artifact id: '7e5e3c36900a7477956005efc914cbe3') in 0.022620 seconds 
========================================================================
Received Import Request.
  Time since last request: 12.931655 seconds.
  path: Assets/Scripts/LavaBackup.shader
  artifactKey: Guid(3c04484c30f131e48a960199fa5e6517) Importer(815301076,1909f56bfc062723c751e8b465ee728b)
Start importing Assets/Scripts/LavaBackup.shader using Guid(3c04484c30f131e48a960199fa5e6517) Importer(815301076,1909f56bfc062723c751e8b465ee728b)  -> (artifact id: 'bdba382c174306227a62cd00e8462662') in 0.003108 seconds 
========================================================================
Received Import Request.
  Time since last request: 64.755161 seconds.
  path: Assets/Scripts/LavaBackup.shader
  artifactKey: Guid(3c04484c30f131e48a960199fa5e6517) Importer(815301076,1909f56bfc062723c751e8b465ee728b)
Start importing Assets/Scripts/LavaBackup.shader using Guid(3c04484c30f131e48a960199fa5e6517) Importer(815301076,1909f56bfc062723c751e8b465ee728b)  -> (artifact id: '20e138e4bad6d1db8ac0667c22fedd9a') in 0.003042 seconds 
========================================================================
Received Import Request.
  Time since last request: 42.593958 seconds.
  path: Assets/Scripts/LavaBackup.shader
  artifactKey: Guid(3c04484c30f131e48a960199fa5e6517) Importer(815301076,1909f56bfc062723c751e8b465ee728b)
Start importing Assets/Scripts/LavaBackup.shader using Guid(3c04484c30f131e48a960199fa5e6517) Importer(815301076,1909f56bfc062723c751e8b465ee728b)  -> (artifact id: '1c3eebb4eaa7d3bcbe4789c4229d3ce8') in 0.003322 seconds 
========================================================================
Received Import Request.
  Time since last request: 721.283058 seconds.
  path: Assets/Scripts/LavaBackup.shader
  artifactKey: Guid(3c04484c30f131e48a960199fa5e6517) Importer(815301076,1909f56bfc062723c751e8b465ee728b)
Start importing Assets/Scripts/LavaBackup.shader using Guid(3c04484c30f131e48a960199fa5e6517) Importer(815301076,1909f56bfc062723c751e8b465ee728b)  -> (artifact id: 'c77344cd8780d0c7d3352394aab24a71') in 0.003662 seconds 
========================================================================
Received Import Request.
  Time since last request: 1284.750923 seconds.
  path: Assets/Scripts/LavaBackup.shader
  artifactKey: Guid(3c04484c30f131e48a960199fa5e6517) Importer(815301076,1909f56bfc062723c751e8b465ee728b)
Start importing Assets/Scripts/LavaBackup.shader using Guid(3c04484c30f131e48a960199fa5e6517) Importer(815301076,1909f56bfc062723c751e8b465ee728b)  -> (artifact id: '19c3cb3ee90169f635f91332a37b865b') in 0.003493 seconds 
========================================================================
Received Import Request.
  Time since last request: 894.191468 seconds.
  path: Assets/Materials/Plane.fbx
  artifactKey: Guid(575be79b6b02bb6419f66224376ec634) Importer(815301076,1909f56bfc062723c751e8b465ee728b)
Start importing Assets/Materials/Plane.fbx using Guid(575be79b6b02bb6419f66224376ec634) Importer(815301076,1909f56bfc062723c751e8b465ee728b)  -> (artifact id: 'f243cc389131bdbd66ba6575d00e715c') in 0.322238 seconds 
========================================================================
Received Import Request.
  Time since last request: 388.884777 seconds.
  path: Assets/Materials/Plane1.fbx
  artifactKey: Guid(9f3b665800550d94fb443bd9e16d0c00) Importer(815301076,1909f56bfc062723c751e8b465ee728b)
Start importing Assets/Materials/Plane1.fbx using Guid(9f3b665800550d94fb443bd9e16d0c00) Importer(815301076,1909f56bfc062723c751e8b465ee728b)  -> (artifact id: '4ce9558971836954eb1334edc388b3f7') in 0.033703 seconds 
========================================================================
Received Import Request.
  Time since last request: 135.507390 seconds.
  path: Assets/Materials/LavaTest.mat
  artifactKey: Guid(4731af715d9208a4e8f2c5e69516cb16) Importer(815301076,1909f56bfc062723c751e8b465ee728b)
Start importing Assets/Materials/LavaTest.mat using Guid(4731af715d9208a4e8f2c5e69516cb16) Importer(815301076,1909f56bfc062723c751e8b465ee728b)  -> (artifact id: 'b002041c700b80218f70fb3cfb4f81fa') in 0.098092 seconds 
========================================================================
Received Import Request.
  Time since last request: 222.652721 seconds.
  path: Assets/Materials/LavaTest.mat
  artifactKey: Guid(4731af715d9208a4e8f2c5e69516cb16) Importer(815301076,1909f56bfc062723c751e8b465ee728b)
Start importing Assets/Materials/LavaTest.mat using Guid(4731af715d9208a4e8f2c5e69516cb16) Importer(815301076,1909f56bfc062723c751e8b465ee728b)  -> (artifact id: '748d6f99d96c63b79e99cc22576d2d1b') in 0.052679 seconds 
========================================================================
Received Import Request.
  Time since last request: 1423.167445 seconds.
  path: Assets/Scripts/WaveTest.shader
  artifactKey: Guid(c132249866307a14fb0f7dcca89109db) Importer(815301076,1909f56bfc062723c751e8b465ee728b)
Start importing Assets/Scripts/WaveTest.shader using Guid(c132249866307a14fb0f7dcca89109db) Importer(815301076,1909f56bfc062723c751e8b465ee728b)  -> (artifact id: 'cc817da00524574775e691d1e98c9eea') in 0.009543 seconds 
========================================================================
Received Import Request.
  Time since last request: 15.784104 seconds.
  path: Assets/Scripts/WaveTest.shader
  artifactKey: Guid(c132249866307a14fb0f7dcca89109db) Importer(815301076,1909f56bfc062723c751e8b465ee728b)
Start importing Assets/Scripts/WaveTest.shader using Guid(c132249866307a14fb0f7dcca89109db) Importer(815301076,1909f56bfc062723c751e8b465ee728b)  -> (artifact id: '9dfab16480da41bdd8b15ddd3432af40') in 0.003022 seconds 
========================================================================
Received Import Request.
  Time since last request: 152.167787 seconds.
  path: Assets/Materials/LavaTest.mat
  artifactKey: Guid(4731af715d9208a4e8f2c5e69516cb16) Importer(815301076,1909f56bfc062723c751e8b465ee728b)
Start importing Assets/Materials/LavaTest.mat using Guid(4731af715d9208a4e8f2c5e69516cb16) Importer(815301076,1909f56bfc062723c751e8b465ee728b)  -> (artifact id: 'ed4fd8c1ed5d05313bb4354a8b7d668b') in 0.049716 seconds 
========================================================================
Received Import Request.
  Time since last request: 323.485658 seconds.
  path: Assets/Materials/LavaTest.mat
  artifactKey: Guid(4731af715d9208a4e8f2c5e69516cb16) Importer(815301076,1909f56bfc062723c751e8b465ee728b)
Start importing Assets/Materials/LavaTest.mat using Guid(4731af715d9208a4e8f2c5e69516cb16) Importer(815301076,1909f56bfc062723c751e8b465ee728b)  -> (artifact id: '56847d4f2fcad6e82d7ec66268026af6') in 0.137354 seconds 
========================================================================
Received Import Request.
  Time since last request: 75.861038 seconds.
  path: Assets/Materials/New Material.mat
  artifactKey: Guid(2224fbc9a9c4f7549a5387fcc9e96b42) Importer(815301076,1909f56bfc062723c751e8b465ee728b)
Start importing Assets/Materials/New Material.mat using Guid(2224fbc9a9c4f7549a5387fcc9e96b42) Importer(815301076,1909f56bfc062723c751e8b465ee728b)  -> (artifact id: '05b2c89695b7123728d5ac79adeb304f') in 0.016854 seconds 
AssetImportWorkerClient::OnTransportError - code=2 error=End of file
